{
  "RSpec": {
    "coverage": {
      "/Users/Seiji/Development/code/intro-to-ruby-web-development/tic-tac-toe-rb-002/lib/tic_tac_toe.rb": [
        1,
        null,
        null,
        null,
        null,
        null,
        null,
        null,
        null,
        null,
        null,
        1,
        23,
        23,
        23,
        23,
        23,
        null,
        null,
        1,
        22,
        null,
        null,
        1,
        798,
        null,
        null,
        1,
        305,
        772,
        null,
        null,
        null,
        1,
        24,
        null,
        null,
        1,
        21,
        21,
        21,
        20,
        null,
        1,
        null,
        21,
        null,
        null,
        1,
        null,
        198,
        22,
        null,
        null,
        1,
        21,
        null,
        null,
        1,
        126,
        null,
        null,
        1,
        43,
        275,
        275,
        null,
        null,
        null,
        1,
        30,
        null,
        null,
        1,
        28,
        null,
        null,
        1,
        22,
        null,
        null,
        1,
        7,
        6,
        null,
        null,
        null,
        1,
        12,
        18,
        null,
        null,
        12,
        5,
        7,
        3,
        null,
        null
      ]
    },
    "timestamp": 1445832121
  }
}
