{
  "RSpec": {
    "coverage": {
      "/Users/ericajayne/Development/code/tic-tac-toe-rb-002/lib/tic_tac_toe.rb": [
        null,
        1,
        null,
        null,
        null,
        null,
        null,
        null,
        null,
        null,
        null,
        null,
        null,
        1,
        26,
        26,
        26,
        26,
        26,
        null,
        null,
        null,
        1,
        20,
        9,
        11,
        4,
        null,
        7,
        null,
        null,
        null,
        null,
        1,
        863,
        null,
        null,
        null,
        1,
        24,
        null,
        null,
        null,
        1,
        21,
        21,
        21,
        20,
        null,
        1,
        null,
        21,
        null,
        null,
        null,
        null,
        null,
        1,
        12,
        18,
        null,
        12,
        7,
        5,
        4,
        null,
        1,
        null,
        null,
        null,
        1,
        44,
        44,
        396,
        86,
        null,
        null,
        44,
        null,
        null,
        null,
        1,
        12,
        5,
        null,
        7,
        null,
        null,
        null,
        1,
        51,
        775,
        21,
        359,
        7,
        269,
        null,
        null,
        23,
        null,
        null,
        1,
        395,
        null,
        null,
        1,
        35,
        35,
        null,
        null,
        1,
        29,
        null,
        null,
        1,
        7,
        6,
        null,
        null
      ]
    },
    "timestamp": 1452544758
  }
}
